Determining if the pthread_create exist failed with the following output:
Change Dir: /mnt/hgfs/CTP/CppCTP/CppCTP_SOCKET/socket_demo/multi-thread-socket_C++_Python/Release_Version/server/CMakeFiles/CMakeTmp

Run Build Command:/usr/bin/gmake "cmTryCompileExec2813795512/fast"
/usr/bin/gmake -f CMakeFiles/cmTryCompileExec2813795512.dir/build.make CMakeFiles/cmTryCompileExec2813795512.dir/build
gmake: Warning: File `Makefile' has modification time 4.9 s in the future
gmake[1]: Entering directory `/mnt/hgfs/CTP/CppCTP/CppCTP_SOCKET/socket_demo/multi-thread-socket_C++_Python/Release_Version/server/CMakeFiles/CMakeTmp'
gmake[1]: Warning: File `CMakeFiles/cmTryCompileExec2813795512.dir/flags.make' has modification time 4.9 s in the future
/usr/bin/cmake -E cmake_progress_report /mnt/hgfs/CTP/CppCTP/CppCTP_SOCKET/socket_demo/multi-thread-socket_C++_Python/Release_Version/server/CMakeFiles/CMakeTmp/CMakeFiles 1
Building C object CMakeFiles/cmTryCompileExec2813795512.dir/CheckSymbolExists.c.o
/usr/bin/cc    -o CMakeFiles/cmTryCompileExec2813795512.dir/CheckSymbolExists.c.o   -c /mnt/hgfs/CTP/CppCTP/CppCTP_SOCKET/socket_demo/multi-thread-socket_C++_Python/Release_Version/server/CMakeFiles/CMakeTmp/CheckSymbolExists.c
Linking C executable cmTryCompileExec2813795512
/usr/bin/cmake -E cmake_link_script CMakeFiles/cmTryCompileExec2813795512.dir/link.txt --verbose=1
/usr/bin/cc       CMakeFiles/cmTryCompileExec2813795512.dir/CheckSymbolExists.c.o  -o cmTryCompileExec2813795512 -rdynamic 
CMakeFiles/cmTryCompileExec2813795512.dir/CheckSymbolExists.c.o: In function `main':
CheckSymbolExists.c:(.text+0xc): undefined reference to `pthread_create'
collect2: ld returned 1 exit status
gmake[1]: Leaving directory `/mnt/hgfs/CTP/CppCTP/CppCTP_SOCKET/socket_demo/multi-thread-socket_C++_Python/Release_Version/server/CMakeFiles/CMakeTmp'
gmake[1]: *** [cmTryCompileExec2813795512] Error 1
gmake: *** [cmTryCompileExec2813795512/fast] Error 2

File /mnt/hgfs/CTP/CppCTP/CppCTP_SOCKET/socket_demo/multi-thread-socket_C++_Python/Release_Version/server/CMakeFiles/CMakeTmp/CheckSymbolExists.c:
/* */
#include <pthread.h>

int main(int argc, char** argv)
{
  (void)argv;
#ifndef pthread_create
  return ((int*)(&pthread_create))[argc];
#else
  (void)argc;
  return 0;
#endif
}

Determining if the function pthread_create exists in the pthreads failed with the following output:
Change Dir: /mnt/hgfs/CTP/CppCTP/CppCTP_SOCKET/socket_demo/multi-thread-socket_C++_Python/Release_Version/server/CMakeFiles/CMakeTmp

Run Build Command:/usr/bin/gmake "cmTryCompileExec368219220/fast"
/usr/bin/gmake -f CMakeFiles/cmTryCompileExec368219220.dir/build.make CMakeFiles/cmTryCompileExec368219220.dir/build
gmake: Warning: File `Makefile' has modification time 4.9 s in the future
gmake[1]: Entering directory `/mnt/hgfs/CTP/CppCTP/CppCTP_SOCKET/socket_demo/multi-thread-socket_C++_Python/Release_Version/server/CMakeFiles/CMakeTmp'
gmake[1]: Warning: File `CMakeFiles/cmTryCompileExec368219220.dir/flags.make' has modification time 4.9 s in the future
/usr/bin/cmake -E cmake_progress_report /mnt/hgfs/CTP/CppCTP/CppCTP_SOCKET/socket_demo/multi-thread-socket_C++_Python/Release_Version/server/CMakeFiles/CMakeTmp/CMakeFiles 1
Building C object CMakeFiles/cmTryCompileExec368219220.dir/CheckFunctionExists.c.o
/usr/bin/cc   -DCHECK_FUNCTION_EXISTS=pthread_create   -o CMakeFiles/cmTryCompileExec368219220.dir/CheckFunctionExists.c.o   -c /usr/share/cmake/Modules/CheckFunctionExists.c
Linking C executable cmTryCompileExec368219220
/usr/bin/cmake -E cmake_link_script CMakeFiles/cmTryCompileExec368219220.dir/link.txt --verbose=1
/usr/bin/cc   -DCHECK_FUNCTION_EXISTS=pthread_create    CMakeFiles/cmTryCompileExec368219220.dir/CheckFunctionExists.c.o  -o cmTryCompileExec368219220 -rdynamic -lpthreads 
/usr/bin/ld: cannot find -lpthreads
collect2: ld returned 1 exit status
gmake[1]: *** [cmTryCompileExec368219220] Error 1
gmake[1]: Leaving directory `/mnt/hgfs/CTP/CppCTP/CppCTP_SOCKET/socket_demo/multi-thread-socket_C++_Python/Release_Version/server/CMakeFiles/CMakeTmp'
gmake: *** [cmTryCompileExec368219220/fast] Error 2


